0 info it worked if it ends with ok
1 verbose cli [ '/Users/toddanderson/local/bin/node',
1 verbose cli   '/Users/toddanderson/local/bin/npm',
1 verbose cli   'run',
1 verbose cli   'server' ]
2 info using npm@1.4.3
3 info using node@v0.10.26
4 verbose run-script [ 'preserver', 'server', 'postserver' ]
5 info preserver flood-pi-admin@0.1.0
6 info server flood-pi-admin@0.1.0
7 verbose unsafe-perm in lifecycle true
8 info flood-pi-admin@0.1.0 Failed to exec server script
9 error flood-pi-admin@0.1.0 server: `node app/index.js`
9 error Exit status 8
10 error Failed at the flood-pi-admin@0.1.0 server script.
10 error This is most likely a problem with the flood-pi-admin package,
10 error not with npm itself.
10 error Tell the author that this fails on your system:
10 error     node app/index.js
10 error You can get their info via:
10 error     npm owner ls flood-pi-admin
10 error There is likely additional logging output above.
11 error System Darwin 12.5.0
12 error command "/Users/toddanderson/local/bin/node" "/Users/toddanderson/local/bin/npm" "run" "server"
13 error cwd /Users/toddanderson/Repositories/flood-pi-admin
14 error node -v v0.10.26
15 error npm -v 1.4.3
16 error code ELIFECYCLE
17 verbose exit [ 1, true ]
